11-Sep-2018 19:18:31 PS_PARMS_DEFAULT max_topo_err = 20
11-Sep-2018 19:18:31 PS_PARMS_DEFAULT quick_est_gamma_flag = y
11-Sep-2018 19:18:31 PS_PARMS_DEFAULT select_reest_gamma_flag = y
11-Sep-2018 19:18:31 PS_PARMS_DEFAULT filter_grid_size = 50
11-Sep-2018 19:18:31 PS_PARMS_DEFAULT filter_weighting = P-square
11-Sep-2018 19:18:31 PS_PARMS_DEFAULT gamma_change_convergence = 0.005
11-Sep-2018 19:18:31 PS_PARMS_DEFAULT gamma_max_iterations = 3
11-Sep-2018 19:18:31 PS_PARMS_DEFAULT slc_osf = 1
11-Sep-2018 19:18:31 PS_PARMS_DEFAULT clap_win = 32
11-Sep-2018 19:18:31 PS_PARMS_DEFAULT clap_low_pass_wavelength = 800
11-Sep-2018 19:18:31 PS_PARMS_DEFAULT clap_alpha = 1
11-Sep-2018 19:18:31 PS_PARMS_DEFAULT clap_beta = 0.3
11-Sep-2018 19:18:31 PS_PARMS_DEFAULT select_method = DENSITY
11-Sep-2018 19:18:31 PS_PARMS_DEFAULT density_rand = 20
11-Sep-2018 19:18:31 PS_PARMS_DEFAULT percent_rand = 20
11-Sep-2018 19:18:31 PS_PARMS_DEFAULT gamma_stdev_reject = 0
11-Sep-2018 19:18:31 PS_PARMS_DEFAULT weed_time_win = 730
11-Sep-2018 19:18:31 PS_PARMS_DEFAULT weed_max_noise = Inf
11-Sep-2018 19:18:31 PS_PARMS_DEFAULT weed_standard_dev = 1
11-Sep-2018 19:18:31 PS_PARMS_DEFAULT weed_zero_elevation = n
11-Sep-2018 19:18:31 PS_PARMS_DEFAULT weed_neighbours = n
11-Sep-2018 19:18:31 PS_PARMS_DEFAULT unwrap_method = 3D
11-Sep-2018 19:18:31 PS_PARMS_DEFAULT unwrap_patch_phase = n
11-Sep-2018 19:18:31 PS_PARMS_DEFAULT drop_ifg_index = []
11-Sep-2018 19:18:31 PS_PARMS_DEFAULT unwrap_la_error_flag = y
11-Sep-2018 19:18:31 PS_PARMS_DEFAULT unwrap_spatial_cost_func_flag = n
11-Sep-2018 19:18:31 PS_PARMS_DEFAULT unwrap_prefilter_flag = y
11-Sep-2018 19:18:31 PS_PARMS_DEFAULT unwrap_grid_size = 200
11-Sep-2018 19:18:31 PS_PARMS_DEFAULT unwrap_gold_n_win = 32
11-Sep-2018 19:18:31 PS_PARMS_DEFAULT unwrap_alpha = 8
11-Sep-2018 19:18:31 PS_PARMS_DEFAULT unwrap_time_win = 730
11-Sep-2018 19:18:31 PS_PARMS_DEFAULT unwrap_gold_alpha = 0.8
11-Sep-2018 19:18:31 PS_PARMS_DEFAULT unwrap_hold_good_values = n
11-Sep-2018 19:18:31 PS_PARMS_DEFAULT scla_drop_index = []
11-Sep-2018 19:18:31 PS_PARMS_DEFAULT scn_wavelength = 100
11-Sep-2018 19:18:31 PS_PARMS_DEFAULT scn_time_win = 365
11-Sep-2018 19:18:31 PS_PARMS_DEFAULT scn_deramp_ifg = []
11-Sep-2018 19:18:31 PS_PARMS_DEFAULT scn_kriging_flag = n
11-Sep-2018 19:18:31 PS_PARMS_DEFAULT ref_lon = -Inf  Inf
11-Sep-2018 19:18:31 PS_PARMS_DEFAULT ref_lat = -Inf  Inf
11-Sep-2018 19:18:31 PS_PARMS_DEFAULT ref_centre_lonlat = 0  0
11-Sep-2018 19:18:31 PS_PARMS_DEFAULT ref_radius = Inf
11-Sep-2018 19:18:31 PS_PARMS_DEFAULT ref_velocity = 0
11-Sep-2018 19:18:31 PS_PARMS_DEFAULT n_cores = 1
11-Sep-2018 19:18:31 PS_PARMS_DEFAULT plot_dem_posting = 90
11-Sep-2018 19:18:31 PS_PARMS_DEFAULT plot_scatterer_size = 120
11-Sep-2018 19:18:31 PS_PARMS_DEFAULT plot_pixels_scatterer = 3
11-Sep-2018 19:18:31 PS_PARMS_DEFAULT plot_color_scheme = inflation
11-Sep-2018 19:18:31 PS_PARMS_DEFAULT shade_rel_angle = 90  45
11-Sep-2018 19:18:31 PS_PARMS_DEFAULT lonlat_offset = 0  0
11-Sep-2018 19:18:31 PS_PARMS_DEFAULT merge_resample_size = 0
11-Sep-2018 19:18:31 PS_PARMS_DEFAULT merge_standard_dev = Inf
11-Sep-2018 19:18:31 PS_PARMS_DEFAULT scla_method = L2
11-Sep-2018 19:18:31 PS_PARMS_DEFAULT scla_deramp = n
11-Sep-2018 19:18:31 PS_PARMS_DEFAULT lambda = NaN
11-Sep-2018 19:18:31 PS_PARMS_DEFAULT heading = NaN
11-Sep-2018 19:18:31 PS_PARMS_DEFAULT insar_processor = doris
11-Sep-2018 19:18:31 PS_PARMS_DEFAULT subtr_tropo = n
11-Sep-2018 19:18:31 PS_PARMS_DEFAULT tropo_method = a_l
